Received face dimensions: {'top': 231, 'left': 188, 'width': 162, 'height': 162}
Received landmarks: {'contour_chin': {'x': 272, 'y': 393}, 'contour_left1': {'x': 187, 'y': 267}, 'contour_left2': {'x': 189, 'y': 285}, 'contour_left3': {'x': 191, 'y': 303}, 'contour_left4': {'x': 195, 'y': 321}, 'contour_left5': {'x': 200, 'y': 338}, 'contour_left6': {'x': 209, 'y': 355}, 'contour_left7': {'x': 220, 'y': 369}, 'contour_left8': {'x': 234, 'y': 381}, 'contour_left9': {'x': 251, 'y': 390}, 'contour_right1': {'x': 348, 'y': 261}, 'contour_right2': {'x': 348, 'y': 280}, 'contour_right3': {'x': 346, 'y': 298}, 'contour_right4': {'x': 343, 'y': 316}, 'contour_right5': {'x': 339, 'y': 334}, 'contour_right6': {'x': 332, 'y': 351}, 'contour_right7': {'x': 321, 'y': 366}, 'contour_right8': {'x': 308, 'y': 378}, 'contour_right9': {'x': 292, 'y': 389}, 'left_eye_bottom': {'x': 230, 'y': 270}, 'left_eye_center': {'x': 231, 'y': 264}, 'left_eye_left_corner': {'x': 215, 'y': 265}, 'left_eye_lower_left_quarter': {'x': 222, 'y': 268}, 'left_eye_lower_right_quarter': {'x': 239, 'y': 269}, 'left_eye_pupil': {'x': 232, 'y': 262}, 'left_eye_right_corner': {'x': 247, 'y': 266}, 'left_eye_top': {'x': 230, 'y': 257}, 'left_eye_upper_left_quarter': {'x': 221, 'y': 259}, 'left_eye_upper_right_quarter': {'x': 240, 'y': 259}, 'left_eyebrow_left_corner': {'x': 199, 'y': 244}, 'left_eyebrow_lower_left_quarter': {'x': 212, 'y': 244}, 'left_eyebrow_lower_middle': {'x': 226, 'y': 244}, 'left_eyebrow_lower_right_quarter': {'x': 240, 'y': 245}, 'left_eyebrow_right_corner': {'x': 255, 'y': 246}, 'left_eyebrow_upper_left_quarter': {'x': 210, 'y': 234}, 'left_eyebrow_upper_middle': {'x': 226, 'y': 232}, 'left_eyebrow_upper_right_quarter': {'x': 242, 'y': 236}, 'mouth_left_corner': {'x': 245, 'y': 347}, 'mouth_lower_lip_bottom': {'x': 272, 'y': 359}, 'mouth_lower_lip_left_contour1': {'x': 258, 'y': 346}, 'mouth_lower_lip_left_contour2': {'x': 252, 'y': 354}, 'mouth_lower_lip_left_contour3': {'x': 261, 'y': 358}, 'mouth_lower_lip_right_contour1': {'x': 285, 'y': 345}, 'mouth_lower_lip_right_contour2': {'x': 293, 'y': 352}, 'mouth_lower_lip_right_contour3': {'x': 283, 'y': 357}, 'mouth_lower_lip_top': {'x': 271, 'y': 346}, 'mouth_right_corner': {'x': 300, 'y': 345}, 'mouth_upper_lip_bottom': {'x': 272, 'y': 345}, 'mouth_upper_lip_left_contour1': {'x': 264, 'y': 334}, 'mouth_upper_lip_left_contour2': {'x': 253, 'y': 339}, 'mouth_upper_lip_left_contour3': {'x': 258, 'y': 345}, 'mouth_upper_lip_right_contour1': {'x': 279, 'y': 334}, 'mouth_upper_lip_right_contour2': {'x': 290, 'y': 338}, 'mouth_upper_lip_right_contour3': {'x': 285, 'y': 344}, 'mouth_upper_lip_top': {'x': 271, 'y': 336}, 'nose_contour_left1': {'x': 259, 'y': 265}, 'nose_contour_left2': {'x': 253, 'y': 297}, 'nose_contour_left3': {'x': 260, 'y': 316}, 'nose_contour_lower_middle': {'x': 273, 'y': 320}, 'nose_contour_right1': {'x': 283, 'y': 264}, 'nose_contour_right2': {'x': 289, 'y': 296}, 'nose_contour_right3': {'x': 285, 'y': 315}, 'nose_left': {'x': 248, 'y': 311}, 'nose_right': {'x': 294, 'y': 308}, 'nose_tip': {'x': 274, 'y': 306}, 'right_eye_bottom': {'x': 308, 'y': 266}, 'right_eye_center': {'x': 308, 'y': 262}, 'right_eye_left_corner': {'x': 293, 'y': 264}, 'right_eye_lower_left_quarter': {'x': 300, 'y': 265}, 'right_eye_lower_right_quarter': {'x': 316, 'y': 265}, 'right_eye_pupil': {'x': 309, 'y': 261}, 'right_eye_right_corner': {'x': 323, 'y': 263}, 'right_eye_top': {'x': 308, 'y': 257}, 'right_eye_upper_left_quarter': {'x': 300, 'y': 258}, 'right_eye_upper_right_quarter': {'x': 316, 'y': 258}, 'right_eyebrow_left_corner': {'x': 289, 'y': 242}, 'right_eyebrow_lower_left_quarter': {'x': 302, 'y': 242}, 'right_eyebrow_lower_middle': {'x': 315, 'y': 241}, 'right_eyebrow_lower_right_quarter': {'x': 328, 'y': 243}, 'right_eyebrow_right_corner': {'x': 340, 'y': 244}, 'right_eyebrow_upper_left_quarter': {'x': 301, 'y': 233}, 'right_eyebrow_upper_middle': {'x': 316, 'y': 231}, 'right_eyebrow_upper_right_quarter': {'x': 330, 'y': 234}}
Received face token: eee51d5b616887358825f04e9019f76b
Received user ID: 671bf058f97a7e24447ca48e
Received face dimensions: {'top': 238, 'left': 194, 'width': 163, 'height': 163}
Received landmarks: {'contour_chin': {'x': 271, 'y': 401}, 'contour_left1': {'x': 197, 'y': 268}, 'contour_left2': {'x': 197, 'y': 286}, 'contour_left3': {'x': 199, 'y': 304}, 'contour_left4': {'x': 201, 'y': 323}, 'contour_left5': {'x': 205, 'y': 341}, 'contour_left6': {'x': 212, 'y': 358}, 'contour_left7': {'x': 222, 'y': 373}, 'contour_left8': {'x': 235, 'y': 386}, 'contour_left9': {'x': 251, 'y': 397}, 'contour_right1': {'x': 353, 'y': 270}, 'contour_right2': {'x': 353, 'y': 289}, 'contour_right3': {'x': 350, 'y': 307}, 'contour_right4': {'x': 346, 'y': 326}, 'contour_right5': {'x': 341, 'y': 344}, 'contour_right6': {'x': 333, 'y': 361}, 'contour_right7': {'x': 322, 'y': 376}, 'contour_right8': {'x': 308, 'y': 388}, 'contour_right9': {'x': 292, 'y': 398}, 'left_eye_bottom': {'x': 236, 'y': 275}, 'left_eye_center': {'x': 237, 'y': 269}, 'left_eye_left_corner': {'x': 222, 'y': 269}, 'left_eye_lower_left_quarter': {'x': 228, 'y': 273}, 'left_eye_lower_right_quarter': {'x': 245, 'y': 273}, 'left_eye_pupil': {'x': 237, 'y': 267}, 'left_eye_right_corner': {'x': 253, 'y': 271}, 'left_eye_top': {'x': 237, 'y': 262}, 'left_eye_upper_left_quarter': {'x': 228, 'y': 264}, 'left_eye_upper_right_quarter': {'x': 246, 'y': 265}, 'left_eyebrow_left_corner': {'x': 206, 'y': 249}, 'left_eyebrow_lower_left_quarter': {'x': 219, 'y': 249}, 'left_eyebrow_lower_middle': {'x': 232, 'y': 250}, 'left_eyebrow_lower_right_quarter': {'x': 246, 'y': 252}, 'left_eyebrow_right_corner': {'x': 261, 'y': 254}, 'left_eyebrow_upper_left_quarter': {'x': 218, 'y': 239}, 'left_eyebrow_upper_middle': {'x': 234, 'y': 238}, 'left_eyebrow_upper_right_quarter': {'x': 249, 'y': 243}, 'mouth_left_corner': {'x': 246, 'y': 353}, 'mouth_lower_lip_bottom': {'x': 274, 'y': 367}, 'mouth_lower_lip_left_contour1': {'x': 260, 'y': 354}, 'mouth_lower_lip_left_contour2': {'x': 253, 'y': 361}, 'mouth_lower_lip_left_contour3': {'x': 262, 'y': 366}, 'mouth_lower_lip_right_contour1': {'x': 288, 'y': 353}, 'mouth_lower_lip_right_contour2': {'x': 294, 'y': 360}, 'mouth_lower_lip_right_contour3': {'x': 286, 'y': 365}, 'mouth_lower_lip_top': {'x': 274, 'y': 354}, 'mouth_right_corner': {'x': 301, 'y': 353}, 'mouth_upper_lip_bottom': {'x': 274, 'y': 353}, 'mouth_upper_lip_left_contour1': {'x': 267, 'y': 342}, 'mouth_upper_lip_left_contour2': {'x': 255, 'y': 346}, 'mouth_upper_lip_left_contour3': {'x': 260, 'y': 353}, 'mouth_upper_lip_right_contour1': {'x': 282, 'y': 342}, 'mouth_upper_lip_right_contour2': {'x': 293, 'y': 346}, 'mouth_upper_lip_right_contour3': {'x': 288, 'y': 353}, 'mouth_upper_lip_top': {'x': 274, 'y': 344}, 'nose_contour_left1': {'x': 263, 'y': 272}, 'nose_contour_left2': {'x': 256, 'y': 304}, 'nose_contour_left3': {'x': 261, 'y': 324}, 'nose_contour_lower_middle': {'x': 275, 'y': 330}, 'nose_contour_right1': {'x': 288, 'y': 272}, 'nose_contour_right2': {'x': 294, 'y': 304}, 'nose_contour_right3': {'x': 289, 'y': 324}, 'nose_left': {'x': 250, 'y': 316}, 'nose_right': {'x': 300, 'y': 316}, 'nose_tip': {'x': 275, 'y': 316}, 'right_eye_bottom': {'x': 314, 'y': 274}, 'right_eye_center': {'x': 314, 'y': 269}, 'right_eye_left_corner': {'x': 299, 'y': 271}, 'right_eye_lower_left_quarter': {'x': 306, 'y': 273}, 'right_eye_lower_right_quarter': {'x': 322, 'y': 273}, 'right_eye_pupil': {'x': 313, 'y': 267}, 'right_eye_right_corner': {'x': 329, 'y': 270}, 'right_eye_top': {'x': 314, 'y': 263}, 'right_eye_upper_left_quarter': {'x': 305, 'y': 265}, 'right_eye_upper_right_quarter': {'x': 323, 'y': 265}, 'right_eyebrow_left_corner': {'x': 292, 'y': 250}, 'right_eyebrow_lower_left_quarter': {'x': 306, 'y': 250}, 'right_eyebrow_lower_middle': {'x': 319, 'y': 249}, 'right_eyebrow_lower_right_quarter': {'x': 333, 'y': 249}, 'right_eyebrow_right_corner': {'x': 346, 'y': 249}, 'right_eyebrow_upper_left_quarter': {'x': 304, 'y': 242}, 'right_eyebrow_upper_middle': {'x': 319, 'y': 240}, 'right_eyebrow_upper_right_quarter': {'x': 334, 'y': 241}}
Received face token: 52b5f99c240d6ab6d5fd36e9ccede41f
Received user ID: 671bf058f97a7e24447ca48e
Received face dimensions: {'top': 233, 'left': 198, 'width': 158, 'height': 158}
Received landmarks: {'contour_chin': {'x': 279, 'y': 391}, 'contour_left1': {'x': 200, 'y': 267}, 'contour_left2': {'x': 201, 'y': 285}, 'contour_left3': {'x': 203, 'y': 302}, 'contour_left4': {'x': 206, 'y': 320}, 'contour_left5': {'x': 211, 'y': 337}, 'contour_left6': {'x': 218, 'y': 353}, 'contour_left7': {'x': 229, 'y': 367}, 'contour_left8': {'x': 242, 'y': 379}, 'contour_left9': {'x': 259, 'y': 388}, 'contour_right1': {'x': 353, 'y': 263}, 'contour_right2': {'x': 353, 'y': 281}, 'contour_right3': {'x': 352, 'y': 299}, 'contour_right4': {'x': 349, 'y': 316}, 'contour_right5': {'x': 345, 'y': 334}, 'contour_right6': {'x': 338, 'y': 351}, 'contour_right7': {'x': 328, 'y': 366}, 'contour_right8': {'x': 315, 'y': 378}, 'contour_right9': {'x': 299, 'y': 387}, 'left_eye_bottom': {'x': 240, 'y': 270}, 'left_eye_center': {'x': 240, 'y': 265}, 'left_eye_left_corner': {'x': 226, 'y': 265}, 'left_eye_lower_left_quarter': {'x': 232, 'y': 268}, 'left_eye_lower_right_quarter': {'x': 248, 'y': 268}, 'left_eye_pupil': {'x': 240, 'y': 263}, 'left_eye_right_corner': {'x': 256, 'y': 266}, 'left_eye_top': {'x': 240, 'y': 259}, 'left_eye_upper_left_quarter': {'x': 232, 'y': 260}, 'left_eye_upper_right_quarter': {'x': 249, 'y': 261}, 'left_eyebrow_left_corner': {'x': 210, 'y': 248}, 'left_eyebrow_lower_left_quarter': {'x': 222, 'y': 247}, 'left_eyebrow_lower_middle': {'x': 234, 'y': 247}, 'left_eyebrow_lower_right_quarter': {'x': 247, 'y': 248}, 'left_eyebrow_right_corner': {'x': 260, 'y': 248}, 'left_eyebrow_upper_left_quarter': {'x': 220, 'y': 238}, 'left_eyebrow_upper_middle': {'x': 234, 'y': 236}, 'left_eyebrow_upper_right_quarter': {'x': 249, 'y': 239}, 'mouth_left_corner': {'x': 252, 'y': 345}, 'mouth_lower_lip_bottom': {'x': 279, 'y': 359}, 'mouth_lower_lip_left_contour1': {'x': 265, 'y': 347}, 'mouth_lower_lip_left_contour2': {'x': 259, 'y': 352}, 'mouth_lower_lip_left_contour3': {'x': 267, 'y': 358}, 'mouth_lower_lip_right_contour1': {'x': 292, 'y': 346}, 'mouth_lower_lip_right_contour2': {'x': 299, 'y': 352}, 'mouth_lower_lip_right_contour3': {'x': 290, 'y': 357}, 'mouth_lower_lip_top': {'x': 279, 'y': 348}, 'mouth_right_corner': {'x': 306, 'y': 345}, 'mouth_upper_lip_bottom': {'x': 279, 'y': 346}, 'mouth_upper_lip_left_contour1': {'x': 272, 'y': 337}, 'mouth_upper_lip_left_contour2': {'x': 261, 'y': 340}, 'mouth_upper_lip_left_contour3': {'x': 266, 'y': 345}, 'mouth_upper_lip_right_contour1': {'x': 287, 'y': 336}, 'mouth_upper_lip_right_contour2': {'x': 297, 'y': 339}, 'mouth_upper_lip_right_contour3': {'x': 292, 'y': 345}, 'mouth_upper_lip_top': {'x': 279, 'y': 338}, 'nose_contour_left1': {'x': 266, 'y': 267}, 'nose_contour_left2': {'x': 262, 'y': 298}, 'nose_contour_left3': {'x': 267, 'y': 319}, 'nose_contour_lower_middle': {'x': 280, 'y': 324}, 'nose_contour_right1': {'x': 290, 'y': 266}, 'nose_contour_right2': {'x': 297, 'y': 297}, 'nose_contour_right3': {'x': 293, 'y': 318}, 'nose_left': {'x': 256, 'y': 312}, 'nose_right': {'x': 303, 'y': 310}, 'nose_tip': {'x': 280, 'y': 311}, 'right_eye_bottom': {'x': 317, 'y': 268}, 'right_eye_center': {'x': 316, 'y': 263}, 'right_eye_left_corner': {'x': 302, 'y': 265}, 'right_eye_lower_left_quarter': {'x': 309, 'y': 267}, 'right_eye_lower_right_quarter': {'x': 324, 'y': 266}, 'right_eye_pupil': {'x': 316, 'y': 262}, 'right_eye_right_corner': {'x': 330, 'y': 264}, 'right_eye_top': {'x': 316, 'y': 257}, 'right_eye_upper_left_quarter': {'x': 308, 'y': 260}, 'right_eye_upper_right_quarter': {'x': 324, 'y': 259}, 'right_eyebrow_left_corner': {'x': 296, 'y': 243}, 'right_eyebrow_lower_left_quarter': {'x': 308, 'y': 243}, 'right_eyebrow_lower_middle': {'x': 320, 'y': 242}, 'right_eyebrow_lower_right_quarter': {'x': 333, 'y': 243}, 'right_eyebrow_right_corner': {'x': 345, 'y': 242}, 'right_eyebrow_upper_left_quarter': {'x': 306, 'y': 235}, 'right_eyebrow_upper_middle': {'x': 320, 'y': 233}, 'right_eyebrow_upper_right_quarter': {'x': 334, 'y': 235}}
Received face token: d6a602266bdc17547d1de8a8819dada3
Received user ID: 671bf058f97a7e24447ca48e
Best similarity score: 91.655
Internal Server Error: /users/profile
Traceback (most recent call last):
  File "C:\Users\bayou\Desktop\django\VitAI\venv\Lib\site-packages\django\core\handlers\exception.py", line 55, in inner
    response = get_response(request)
               ^^^^^^^^^^^^^^^^^^^^^
  File "C:\Users\bayou\Desktop\django\VitAI\venv\Lib\site-packages\django\core\handlers\base.py", line 197, in _get_response
    response = wrapped_callback(request, *callback_args, **callback_kwargs)
               ^^^^^^^^^^^^^^^^^^^^^^^^^^^^^^^^^^^^^^^^^^^^^^^^^^^^^^^^^^^^
  File "C:\Users\bayou\Desktop\django\VitAI\UserApp\views.py", line 198, in profile
    return render(request, 'profile.html')  # Show the signup page if not logged in
           ^^^^^^^^^^^^^^^^^^^^^^^^^^^^^^^
  File "C:\Users\bayou\Desktop\django\VitAI\venv\Lib\site-packages\django\shortcuts.py", line 24, in render
    content = loader.render_to_string(template_name, context, request, using=using)
              ^^^^^^^^^^^^^^^^^^^^^^^^^^^^^^^^^^^^^^^^^^^^^^^^^^^^^^^^^^^^^^^^^^^^^
  File "C:\Users\bayou\Desktop\django\VitAI\venv\Lib\site-packages\django\template\loader.py", line 62, in render_to_string
    return template.render(context, request)
           ^^^^^^^^^^^^^^^^^^^^^^^^^^^^^^^^^
  File "C:\Users\bayou\Desktop\django\VitAI\venv\Lib\site-packages\django\template\backends\django.py", line 62, in render
    return self.template.render(context)
           ^^^^^^^^^^^^^^^^^^^^^^^^^^^^^
  File "C:\Users\bayou\Desktop\django\VitAI\venv\Lib\site-packages\django\template\base.py", line 175, in render
    return self._render(context)
           ^^^^^^^^^^^^^^^^^^^^^
  File "C:\Users\bayou\Desktop\django\VitAI\venv\Lib\site-packages\django\template\base.py", line 167, in _render
    return self.nodelist.render(context)
           ^^^^^^^^^^^^^^^^^^^^^^^^^^^^^
  File "C:\Users\bayou\Desktop\django\VitAI\venv\Lib\site-packages\django\template\base.py", line 1005, in render
    return SafeString("".join([node.render_annotated(context) for node in self]))
                              ^^^^^^^^^^^^^^^^^^^^^^^^^^^^^^^^^^^^^^^^^^^^^^^^^
  File "C:\Users\bayou\Desktop\django\VitAI\venv\Lib\site-packages\django\template\base.py", line 1005, in <listcomp>
    return SafeString("".join([node.render_annotated(context) for node in self]))
                               ^^^^^^^^^^^^^^^^^^^^^^^^^^^^^^
  File "C:\Users\bayou\Desktop\django\VitAI\venv\Lib\site-packages\django\template\base.py", line 966, in render_annotated
    return self.render(context)
           ^^^^^^^^^^^^^^^^^^^^
  File "C:\Users\bayou\Desktop\django\VitAI\venv\Lib\site-packages\django\template\loader_tags.py", line 157, in render
    return compiled_parent._render(context)
           ^^^^^^^^^^^^^^^^^^^^^^^^^^^^^^^^
  File "C:\Users\bayou\Desktop\django\VitAI\venv\Lib\site-packages\django\template\base.py", line 167, in _render
    return self.nodelist.render(context)
           ^^^^^^^^^^^^^^^^^^^^^^^^^^^^^
  File "C:\Users\bayou\Desktop\django\VitAI\venv\Lib\site-packages\django\template\base.py", line 1005, in render
    return SafeString("".join([node.render_annotated(context) for node in self]))
                              ^^^^^^^^^^^^^^^^^^^^^^^^^^^^^^^^^^^^^^^^^^^^^^^^^
  File "C:\Users\bayou\Desktop\django\VitAI\venv\Lib\site-packages\django\template\base.py", line 1005, in <listcomp>
    return SafeString("".join([node.render_annotated(context) for node in self]))
                               ^^^^^^^^^^^^^^^^^^^^^^^^^^^^^^
  File "C:\Users\bayou\Desktop\django\VitAI\venv\Lib\site-packages\django\template\base.py", line 966, in render_annotated
    return self.render(context)
           ^^^^^^^^^^^^^^^^^^^^
  File "C:\Users\bayou\Desktop\django\VitAI\venv\Lib\site-packages\django\template\loader_tags.py", line 63, in render
    result = block.nodelist.render(context)
             ^^^^^^^^^^^^^^^^^^^^^^^^^^^^^^
  File "C:\Users\bayou\Desktop\django\VitAI\venv\Lib\site-packages\django\template\base.py", line 1005, in render
    return SafeString("".join([node.render_annotated(context) for node in self]))
                              ^^^^^^^^^^^^^^^^^^^^^^^^^^^^^^^^^^^^^^^^^^^^^^^^^
  File "C:\Users\bayou\Desktop\django\VitAI\venv\Lib\site-packages\django\template\base.py", line 1005, in <listcomp>
    return SafeString("".join([node.render_annotated(context) for node in self]))
                               ^^^^^^^^^^^^^^^^^^^^^^^^^^^^^^
  File "C:\Users\bayou\Desktop\django\VitAI\venv\Lib\site-packages\django\template\base.py", line 966, in render_annotated
    return self.render(context)
           ^^^^^^^^^^^^^^^^^^^^
  File "C:\Users\bayou\Desktop\django\VitAI\venv\Lib\site-packages\django\template\defaulttags.py", line 472, in render
    url = reverse(view_name, args=args, kwargs=kwargs, current_app=current_app)
          ^^^^^^^^^^^^^^^^^^^^^^^^^^^^^^^^^^^^^^^^^^^^^^^^^^^^^^^^^^^^^^^^^^^^^
  File "C:\Users\bayou\Desktop\django\VitAI\venv\Lib\site-packages\django\urls\base.py", line 88, in reverse
    return resolver._reverse_with_prefix(view, prefix, *args, **kwargs)
           ^^^^^^^^^^^^^^^^^^^^^^^^^^^^^^^^^^^^^^^^^^^^^^^^^^^^^^^^^^^^
  File "C:\Users\bayou\Desktop\django\VitAI\venv\Lib\site-packages\django\urls\resolvers.py", line 803, in _reverse_with_prefix
    raise NoReverseMatch(msg)
django.urls.exceptions.NoReverseMatch: Reverse for 'delete_user' with arguments '('',)' not found. 1 pattern(s) tried: ['users/users/delete/(?P<user_id>[^/]+)/\\Z']
"GET /users/profile HTTP/1.1" 500 171672
Best similarity score: 92.484
Best similarity score: 92.42
Best similarity score: 93.114
Best similarity score: 92.509
